<?xml version="1.0" encoding="UTF-8"?>
<!-- Generated by org.testng.reporters.JUnitReportReporter -->
<testsuite hostname="ChandraaulisAir" failures="0" tests="3" name="Common.common" time="43.634" errors="0" timestamp="2022-06-05T11:40:04 IST" skipped="0">
  <testcase classname="Common.common" name="report" time="31.353"/>
  <system-out/>
  <testcase classname="Common.common" name="login" time="1.355"/>
  <system-out/>
  <testcase classname="Common.common" name="launchBrowser" time="10.926"/>
  <system-out/>
</testsuite> <!-- Common.common -->
