<?xml version="1.0" encoding="UTF-8"?>
<!-- Generated by org.testng.reporters.JUnitReportReporter -->
<testsuite hostname="ChandraaulisAir" failures="0" tests="3" name="Common.Users" time="37.372" errors="0" timestamp="2022-06-05T20:00:42 IST" skipped="0">
  <testcase classname="Common.Users" name="report" time="25.693"/>
  <system-out/>
  <testcase classname="Common.Users" name="login" time="1.293"/>
  <system-out/>
  <testcase classname="Common.Users" name="launchBrowser" time="10.386"/>
  <system-out/>
</testsuite> <!-- Common.Users -->
