<?xml version="1.0" encoding="UTF-8"?>
<!-- Generated by org.testng.reporters.JUnitReportReporter -->
<testsuite hostname="ChandraaulisAir" failures="0" tests="1" name="Common.Task" time="17.736" errors="0" timestamp="2022-06-06T08:11:45 IST" skipped="0">
  <testcase classname="Common.Task" name="report" time="17.736"/>
  <system-out/>
</testsuite> <!-- Common.Task -->
